0 info it worked if it ends with ok
1 verbose cli [ 'C:\\Program Files\\nodejs\\node.exe',
1 verbose cli   'C:\\Users\\steven\\AppData\\Roaming\\npm\\node_modules\\cnpm\\node_modules\\npm\\bin\\npm-cli.js',
1 verbose cli   '--userconfig=C:\\Users\\steven\\.cnpmrc',
1 verbose cli   '--disturl=https://npm.taobao.org/mirrors/node',
1 verbose cli   '--cache=C:\\Users\\steven\\.cnpm',
1 verbose cli   '--registry=https://registry.npm.taobao.org',
1 verbose cli   '--node-gyp=C:\\Users\\steven\\AppData\\Roaming\\npm\\node_modules\\cnpm\\node_modules\\node-gyp\\bin\\node-gyp.js',
1 verbose cli   'install',
1 verbose cli   'apply.js' ]
2 info using npm@2.14.14
3 info using node@v5.2.0
4 verbose install initial load of D:\tunk\tunk\examples\counter\package.json
5 warn package.json tunk-example-counter@1.0.0 No repository field.
6 warn package.json tunk-example-counter@1.0.0 No README data
7 warn package.json tunk-example-counter@1.0.0 No license field.
8 verbose installManyTop reading scoped package data from D:\tunk\tunk\examples\counter\node_modules\Base64\package.json
9 verbose installManyTop reading scoped package data from D:\tunk\tunk\examples\counter\node_modules\accepts\package.json
10 verbose installManyTop reading scoped package data from D:\tunk\tunk\examples\counter\node_modules\acorn\package.json
11 verbose installManyTop reading scoped package data from D:\tunk\tunk\examples\counter\node_modules\acorn-globals\package.json
12 verbose installManyTop reading scoped package data from D:\tunk\tunk\examples\counter\node_modules\align-text\package.json
13 verbose installManyTop reading scoped package data from D:\tunk\tunk\examples\counter\node_modules\alphanum-sort\package.json
14 verbose installManyTop reading scoped package data from D:\tunk\tunk\examples\counter\node_modules\amdefine\package.json
15 verbose installManyTop reading scoped package data from D:\tunk\tunk\examples\counter\node_modules\ansi-html\package.json
16 verbose installManyTop reading scoped package data from D:\tunk\tunk\examples\counter\node_modules\ansi-regex\package.json
17 verbose installManyTop reading scoped package data from D:\tunk\tunk\examples\counter\node_modules\ansi-styles\package.json
18 verbose installManyTop reading scoped package data from D:\tunk\tunk\examples\counter\node_modules\anymatch\package.json
19 verbose installManyTop reading scoped package data from D:\tunk\tunk\examples\counter\node_modules\apply.js\package.json
20 verbose installManyTop reading scoped package data from D:\tunk\tunk\examples\counter\node_modules\argparse\package.json
21 verbose installManyTop reading scoped package data from D:\tunk\tunk\examples\counter\node_modules\arr-diff\package.json
22 verbose installManyTop reading scoped package data from D:\tunk\tunk\examples\counter\node_modules\arr-flatten\package.json
23 verbose installManyTop reading scoped package data from D:\tunk\tunk\examples\counter\node_modules\array-flatten\package.json
24 verbose installManyTop reading scoped package data from D:\tunk\tunk\examples\counter\node_modules\array-unique\package.json
25 verbose installManyTop reading scoped package data from D:\tunk\tunk\examples\counter\node_modules\arrify\package.json
26 verbose installManyTop reading scoped package data from D:\tunk\tunk\examples\counter\node_modules\asn1\package.json
27 verbose installManyTop reading scoped package data from D:\tunk\tunk\examples\counter\node_modules\asn1.js\package.json
28 verbose installManyTop reading scoped package data from D:\tunk\tunk\examples\counter\node_modules\assert\package.json
29 verbose installManyTop reading scoped package data from D:\tunk\tunk\examples\counter\node_modules\assert-plus\package.json
30 verbose installManyTop reading scoped package data from D:\tunk\tunk\examples\counter\node_modules\ast-types\package.json
31 verbose installManyTop reading scoped package data from D:\tunk\tunk\examples\counter\node_modules\async\package.json
32 verbose installManyTop reading scoped package data from D:\tunk\tunk\examples\counter\node_modules\async-each\package.json
33 verbose installManyTop reading scoped package data from D:\tunk\tunk\examples\counter\node_modules\autoprefixer\package.json
34 verbose installManyTop reading scoped package data from D:\tunk\tunk\examples\counter\node_modules\aws-sign2\package.json
35 verbose installManyTop reading scoped package data from D:\tunk\tunk\examples\counter\node_modules\aws4\package.json
36 verbose installManyTop reading scoped package data from D:\tunk\tunk\examples\counter\node_modules\babel-code-frame\package.json
37 verbose installManyTop reading scoped package data from D:\tunk\tunk\examples\counter\node_modules\babel-core\package.json
38 verbose installManyTop reading scoped package data from D:\tunk\tunk\examples\counter\node_modules\babel-generator\package.json
39 verbose installManyTop reading scoped package data from D:\tunk\tunk\examples\counter\node_modules\babel-helper-bindify-decorators\package.json
40 verbose installManyTop reading scoped package data from D:\tunk\tunk\examples\counter\node_modules\babel-helper-builder-binary-assignment-operator-visitor\package.json
41 verbose installManyTop reading scoped package data from D:\tunk\tunk\examples\counter\node_modules\babel-helper-call-delegate\package.json
42 verbose installManyTop reading scoped package data from D:\tunk\tunk\examples\counter\node_modules\babel-helper-define-map\package.json
43 verbose installManyTop reading scoped package data from D:\tunk\tunk\examples\counter\node_modules\babel-helper-explode-assignable-expression\package.json
44 verbose installManyTop reading scoped package data from D:\tunk\tunk\examples\counter\node_modules\babel-helper-explode-class\package.json
45 verbose installManyTop reading scoped package data from D:\tunk\tunk\examples\counter\node_modules\babel-helper-function-name\package.json
46 verbose installManyTop reading scoped package data from D:\tunk\tunk\examples\counter\node_modules\babel-helper-get-function-arity\package.json
47 verbose installManyTop reading scoped package data from D:\tunk\tunk\examples\counter\node_modules\babel-helper-hoist-variables\package.json
48 verbose installManyTop reading scoped package data from D:\tunk\tunk\examples\counter\node_modules\babel-helper-optimise-call-expression\package.json
49 verbose installManyTop reading scoped package data from D:\tunk\tunk\examples\counter\node_modules\babel-helper-regex\package.json
50 verbose installManyTop reading scoped package data from D:\tunk\tunk\examples\counter\node_modules\babel-helper-remap-async-to-generator\package.json
51 verbose installManyTop reading scoped package data from D:\tunk\tunk\examples\counter\node_modules\babel-helper-replace-supers\package.json
52 verbose installManyTop reading scoped package data from D:\tunk\tunk\examples\counter\node_modules\babel-helpers\package.json
53 verbose installManyTop reading scoped package data from D:\tunk\tunk\examples\counter\node_modules\babel-loader\package.json
54 verbose installManyTop reading scoped package data from D:\tunk\tunk\examples\counter\node_modules\babel-messages\package.json
55 verbose installManyTop reading scoped package data from D:\tunk\tunk\examples\counter\node_modules\babel-plugin-add-module-exports\package.json
56 verbose installManyTop reading scoped package data from D:\tunk\tunk\examples\counter\node_modules\babel-plugin-check-es2015-constants\package.json
57 verbose installManyTop reading scoped package data from D:\tunk\tunk\examples\counter\node_modules\babel-plugin-syntax-async-functions\package.json
58 verbose installManyTop reading scoped package data from D:\tunk\tunk\examples\counter\node_modules\babel-plugin-syntax-class-constructor-call\package.json
59 verbose installManyTop reading scoped package data from D:\tunk\tunk\examples\counter\node_modules\babel-plugin-syntax-class-properties\package.json
60 verbose installManyTop reading scoped package data from D:\tunk\tunk\examples\counter\node_modules\babel-plugin-syntax-decorators\package.json
61 verbose installManyTop reading scoped package data from D:\tunk\tunk\examples\counter\node_modules\babel-plugin-syntax-do-expressions\package.json
62 verbose installManyTop reading scoped package data from D:\tunk\tunk\examples\counter\node_modules\babel-plugin-syntax-exponentiation-operator\package.json
63 verbose installManyTop reading scoped package data from D:\tunk\tunk\examples\counter\node_modules\babel-plugin-syntax-export-extensions\package.json
64 verbose installManyTop reading scoped package data from D:\tunk\tunk\examples\counter\node_modules\babel-plugin-syntax-function-bind\package.json
65 verbose installManyTop reading scoped package data from D:\tunk\tunk\examples\counter\node_modules\babel-plugin-syntax-object-rest-spread\package.json
66 verbose installManyTop reading scoped package data from D:\tunk\tunk\examples\counter\node_modules\babel-plugin-syntax-trailing-function-commas\package.json
67 verbose installManyTop reading scoped package data from D:\tunk\tunk\examples\counter\node_modules\babel-plugin-transform-async-to-generator\package.json
68 verbose installManyTop reading scoped package data from D:\tunk\tunk\examples\counter\node_modules\babel-plugin-transform-class-constructor-call\package.json
69 verbose installManyTop reading scoped package data from D:\tunk\tunk\examples\counter\node_modules\babel-plugin-transform-class-properties\package.json
70 verbose installManyTop reading scoped package data from D:\tunk\tunk\examples\counter\node_modules\babel-plugin-transform-decorators\package.json
71 verbose installManyTop reading scoped package data from D:\tunk\tunk\examples\counter\node_modules\babel-plugin-transform-decorators-legacy\package.json
72 verbose installManyTop reading scoped package data from D:\tunk\tunk\examples\counter\node_modules\babel-plugin-transform-do-expressions\package.json
73 verbose installManyTop reading scoped package data from D:\tunk\tunk\examples\counter\node_modules\babel-plugin-transform-es2015-arrow-functions\package.json
74 verbose installManyTop reading scoped package data from D:\tunk\tunk\examples\counter\node_modules\babel-plugin-transform-es2015-block-scoped-functions\package.json
75 verbose installManyTop reading scoped package data from D:\tunk\tunk\examples\counter\node_modules\babel-plugin-transform-es2015-block-scoping\package.json
76 verbose installManyTop reading scoped package data from D:\tunk\tunk\examples\counter\node_modules\babel-plugin-transform-es2015-classes\package.json
77 verbose installManyTop reading scoped package data from D:\tunk\tunk\examples\counter\node_modules\babel-plugin-transform-es2015-computed-properties\package.json
78 verbose installManyTop reading scoped package data from D:\tunk\tunk\examples\counter\node_modules\babel-plugin-transform-es2015-destructuring\package.json
79 verbose installManyTop reading scoped package data from D:\tunk\tunk\examples\counter\node_modules\babel-plugin-transform-es2015-duplicate-keys\package.json
80 verbose installManyTop reading scoped package data from D:\tunk\tunk\examples\counter\node_modules\babel-plugin-transform-es2015-for-of\package.json
81 verbose installManyTop reading scoped package data from D:\tunk\tunk\examples\counter\node_modules\babel-plugin-transform-es2015-function-name\package.json
82 verbose installManyTop reading scoped package data from D:\tunk\tunk\examples\counter\node_modules\babel-plugin-transform-es2015-literals\package.json
83 verbose installManyTop reading scoped package data from D:\tunk\tunk\examples\counter\node_modules\babel-plugin-transform-es2015-modules-amd\package.json
84 verbose installManyTop reading scoped package data from D:\tunk\tunk\examples\counter\node_modules\babel-plugin-transform-es2015-modules-commonjs\package.json
85 verbose installManyTop reading scoped package data from D:\tunk\tunk\examples\counter\node_modules\babel-plugin-transform-es2015-modules-systemjs\package.json
86 verbose installManyTop reading scoped package data from D:\tunk\tunk\examples\counter\node_modules\babel-plugin-transform-es2015-modules-umd\package.json
87 verbose installManyTop reading scoped package data from D:\tunk\tunk\examples\counter\node_modules\babel-plugin-transform-es2015-object-super\package.json
88 verbose installManyTop reading scoped package data from D:\tunk\tunk\examples\counter\node_modules\babel-plugin-transform-es2015-parameters\package.json
89 verbose installManyTop reading scoped package data from D:\tunk\tunk\examples\counter\node_modules\babel-plugin-transform-es2015-shorthand-properties\package.json
90 verbose installManyTop reading scoped package data from D:\tunk\tunk\examples\counter\node_modules\babel-plugin-transform-es2015-spread\package.json
91 verbose installManyTop reading scoped package data from D:\tunk\tunk\examples\counter\node_modules\babel-plugin-transform-es2015-sticky-regex\package.json
92 verbose installManyTop reading scoped package data from D:\tunk\tunk\examples\counter\node_modules\babel-plugin-transform-es2015-template-literals\package.json
93 verbose installManyTop reading scoped package data from D:\tunk\tunk\examples\counter\node_modules\babel-plugin-transform-es2015-typeof-symbol\package.json
94 verbose installManyTop reading scoped package data from D:\tunk\tunk\examples\counter\node_modules\babel-plugin-transform-es2015-unicode-regex\package.json
95 verbose installManyTop reading scoped package data from D:\tunk\tunk\examples\counter\node_modules\babel-plugin-transform-exponentiation-operator\package.json
96 verbose installManyTop reading scoped package data from D:\tunk\tunk\examples\counter\node_modules\babel-plugin-transform-export-extensions\package.json
97 verbose installManyTop reading scoped package data from D:\tunk\tunk\examples\counter\node_modules\babel-plugin-transform-function-bind\package.json
98 verbose installManyTop reading scoped package data from D:\tunk\tunk\examples\counter\node_modules\babel-plugin-transform-object-rest-spread\package.json
99 verbose installManyTop reading scoped package data from D:\tunk\tunk\examples\counter\node_modules\babel-plugin-transform-regenerator\package.json
100 verbose installManyTop reading scoped package data from D:\tunk\tunk\examples\counter\node_modules\babel-plugin-transform-runtime\package.json
101 verbose installManyTop reading scoped package data from D:\tunk\tunk\examples\counter\node_modules\babel-plugin-transform-strict-mode\package.json
102 verbose installManyTop reading scoped package data from D:\tunk\tunk\examples\counter\node_modules\babel-plugin-typecheck\package.json
103 verbose installManyTop reading scoped package data from D:\tunk\tunk\examples\counter\node_modules\babel-polyfill\package.json
104 verbose installManyTop reading scoped package data from D:\tunk\tunk\examples\counter\node_modules\babel-preset-es2015\package.json
105 verbose installManyTop reading scoped package data from D:\tunk\tunk\examples\counter\node_modules\babel-preset-stage-0\package.json
106 verbose installManyTop reading scoped package data from D:\tunk\tunk\examples\counter\node_modules\babel-preset-stage-1\package.json
107 verbose installManyTop reading scoped package data from D:\tunk\tunk\examples\counter\node_modules\babel-preset-stage-2\package.json
108 verbose installManyTop reading scoped package data from D:\tunk\tunk\examples\counter\node_modules\babel-preset-stage-3\package.json
109 verbose installManyTop reading scoped package data from D:\tunk\tunk\examples\counter\node_modules\babel-register\package.json
110 verbose installManyTop reading scoped package data from D:\tunk\tunk\examples\counter\node_modules\babel-runtime\package.json
111 verbose installManyTop reading scoped package data from D:\tunk\tunk\examples\counter\node_modules\babel-template\package.json
112 verbose installManyTop reading scoped package data from D:\tunk\tunk\examples\counter\node_modules\babel-traverse\package.json
113 verbose installManyTop reading scoped package data from D:\tunk\tunk\examples\counter\node_modules\babel-types\package.json
114 verbose installManyTop reading scoped package data from D:\tunk\tunk\examples\counter\node_modules\babylon\package.json
115 verbose installManyTop reading scoped package data from D:\tunk\tunk\examples\counter\node_modules\balanced-match\package.json
116 verbose installManyTop reading scoped package data from D:\tunk\tunk\examples\counter\node_modules\base62\package.json
117 verbose installManyTop reading scoped package data from D:\tunk\tunk\examples\counter\node_modules\base64-js\package.json
118 verbose installManyTop reading scoped package data from D:\tunk\tunk\examples\counter\node_modules\bcrypt-pbkdf\package.json
119 verbose installManyTop reading scoped package data from D:\tunk\tunk\examples\counter\node_modules\big.js\package.json
120 verbose installManyTop reading scoped package data from D:\tunk\tunk\examples\counter\node_modules\binary-extensions\package.json
121 verbose installManyTop reading scoped package data from D:\tunk\tunk\examples\counter\node_modules\bl\package.json
122 verbose installManyTop reading scoped package data from D:\tunk\tunk\examples\counter\node_modules\bluebird\package.json
123 verbose installManyTop reading scoped package data from D:\tunk\tunk\examples\counter\node_modules\bn.js\package.json
124 verbose installManyTop reading scoped package data from D:\tunk\tunk\examples\counter\node_modules\boom\package.json
125 verbose installManyTop reading scoped package data from D:\tunk\tunk\examples\counter\node_modules\brace-expansion\package.json
126 verbose installManyTop reading scoped package data from D:\tunk\tunk\examples\counter\node_modules\braces\package.json
127 verbose installManyTop reading scoped package data from D:\tunk\tunk\examples\counter\node_modules\brorand\package.json
128 verbose installManyTop reading scoped package data from D:\tunk\tunk\examples\counter\node_modules\browser-request\package.json
129 verbose installManyTop reading scoped package data from D:\tunk\tunk\examples\counter\node_modules\browserify-aes\package.json
130 verbose installManyTop reading scoped package data from D:\tunk\tunk\examples\counter\node_modules\browserify-cipher\package.json
131 verbose installManyTop reading scoped package data from D:\tunk\tunk\examples\counter\node_modules\browserify-des\package.json
132 verbose installManyTop reading scoped package data from D:\tunk\tunk\examples\counter\node_modules\browserify-rsa\package.json
133 verbose installManyTop reading scoped package data from D:\tunk\tunk\examples\counter\node_modules\browserify-sign\package.json
134 verbose installManyTop reading scoped package data from D:\tunk\tunk\examples\counter\node_modules\browserify-zlib\package.json
135 verbose installManyTop reading scoped package data from D:\tunk\tunk\examples\counter\node_modules\browserslist\package.json
136 verbose installManyTop reading scoped package data from D:\tunk\tunk\examples\counter\node_modules\buffer\package.json
137 verbose installManyTop reading scoped package data from D:\tunk\tunk\examples\counter\node_modules\buffer-shims\package.json
138 verbose installManyTop reading scoped package data from D:\tunk\tunk\examples\counter\node_modules\buffer-xor\package.json
139 verbose installManyTop reading scoped package data from D:\tunk\tunk\examples\counter\node_modules\builtin-modules\package.json
140 verbose installManyTop reading scoped package data from D:\tunk\tunk\examples\counter\node_modules\camel-case\package.json
141 verbose installManyTop reading scoped package data from D:\tunk\tunk\examples\counter\node_modules\camelcase\package.json
142 verbose installManyTop reading scoped package data from D:\tunk\tunk\examples\counter\node_modules\caniuse-db\package.json
143 verbose installManyTop reading scoped package data from D:\tunk\tunk\examples\counter\node_modules\caseless\package.json
144 verbose installManyTop reading scoped package data from D:\tunk\tunk\examples\counter\node_modules\center-align\package.json
145 verbose installManyTop reading scoped package data from D:\tunk\tunk\examples\counter\node_modules\chalk\package.json
146 verbose installManyTop reading scoped package data from D:\tunk\tunk\examples\counter\node_modules\change-case\package.json
147 verbose installManyTop reading scoped package data from D:\tunk\tunk\examples\counter\node_modules\chokidar\package.json
148 verbose installManyTop reading scoped package data from D:\tunk\tunk\examples\counter\node_modules\cipher-base\package.json
149 verbose installManyTop reading scoped package data from D:\tunk\tunk\examples\counter\node_modules\clap\package.json
150 verbose installManyTop reading scoped package data from D:\tunk\tunk\examples\counter\node_modules\clean-css\package.json
151 verbose installManyTop reading scoped package data from D:\tunk\tunk\examples\counter\node_modules\cliui\package.json
152 verbose installManyTop reading scoped package data from D:\tunk\tunk\examples\counter\node_modules\clone\package.json
153 verbose installManyTop reading scoped package data from D:\tunk\tunk\examples\counter\node_modules\coa\package.json
154 verbose installManyTop reading scoped package data from D:\tunk\tunk\examples\counter\node_modules\code-point-at\package.json
155 verbose installManyTop reading scoped package data from D:\tunk\tunk\examples\counter\node_modules\color\package.json
156 verbose installManyTop reading scoped package data from D:\tunk\tunk\examples\counter\node_modules\color-convert\package.json
157 verbose installManyTop reading scoped package data from D:\tunk\tunk\examples\counter\node_modules\color-name\package.json
158 verbose installManyTop reading scoped package data from D:\tunk\tunk\examples\counter\node_modules\color-string\package.json
159 verbose installManyTop reading scoped package data from D:\tunk\tunk\examples\counter\node_modules\colormin\package.json
160 verbose installManyTop reading scoped package data from D:\tunk\tunk\examples\counter\node_modules\colors\package.json
161 verbose installManyTop reading scoped package data from D:\tunk\tunk\examples\counter\node_modules\combined-stream\package.json
162 verbose installManyTop reading scoped package data from D:\tunk\tunk\examples\counter\node_modules\commander\package.json
163 verbose installManyTop reading scoped package data from D:\tunk\tunk\examples\counter\node_modules\commoner\package.json
164 verbose installManyTop reading scoped package data from D:\tunk\tunk\examples\counter\node_modules\concat-map\package.json
165 verbose installManyTop reading scoped package data from D:\tunk\tunk\examples\counter\node_modules\console-browserify\package.json
166 verbose installManyTop reading scoped package data from D:\tunk\tunk\examples\counter\node_modules\consolidate\package.json
167 verbose installManyTop reading scoped package data from D:\tunk\tunk\examples\counter\node_modules\constant-case\package.json
168 verbose installManyTop reading scoped package data from D:\tunk\tunk\examples\counter\node_modules\constants-browserify\package.json
169 verbose installManyTop reading scoped package data from D:\tunk\tunk\examples\counter\node_modules\content-disposition\package.json
170 verbose installManyTop reading scoped package data from D:\tunk\tunk\examples\counter\node_modules\content-type\package.json
171 verbose installManyTop reading scoped package data from D:\tunk\tunk\examples\counter\node_modules\convert-source-map\package.json
172 verbose installManyTop reading scoped package data from D:\tunk\tunk\examples\counter\node_modules\cookie\package.json
173 verbose installManyTop reading scoped package data from D:\tunk\tunk\examples\counter\node_modules\cookie-signature\package.json
174 verbose installManyTop reading scoped package data from D:\tunk\tunk\examples\counter\node_modules\core-js\package.json
175 verbose installManyTop reading scoped package data from D:\tunk\tunk\examples\counter\node_modules\core-util-is\package.json
176 verbose installManyTop reading scoped package data from D:\tunk\tunk\examples\counter\node_modules\create-ecdh\package.json
177 verbose installManyTop reading scoped package data from D:\tunk\tunk\examples\counter\node_modules\create-hash\package.json
178 verbose installManyTop reading scoped package data from D:\tunk\tunk\examples\counter\node_modules\create-hmac\package.json
179 verbose installManyTop reading scoped package data from D:\tunk\tunk\examples\counter\node_modules\cryptiles\package.json
180 verbose installManyTop reading scoped package data from D:\tunk\tunk\examples\counter\node_modules\crypto-browserify\package.json
181 verbose installManyTop reading scoped package data from D:\tunk\tunk\examples\counter\node_modules\css-color-names\package.json
182 verbose installManyTop reading scoped package data from D:\tunk\tunk\examples\counter\node_modules\css-loader\package.json
183 verbose installManyTop reading scoped package data from D:\tunk\tunk\examples\counter\node_modules\css-selector-tokenizer\package.json
184 verbose installManyTop reading scoped package data from D:\tunk\tunk\examples\counter\node_modules\cssesc\package.json
185 verbose installManyTop reading scoped package data from D:\tunk\tunk\examples\counter\node_modules\cssnano\package.json
186 verbose installManyTop reading scoped package data from D:\tunk\tunk\examples\counter\node_modules\csso\package.json
187 verbose installManyTop reading scoped package data from D:\tunk\tunk\examples\counter\node_modules\cssom\package.json
188 verbose installManyTop reading scoped package data from D:\tunk\tunk\examples\counter\node_modules\cssstyle\package.json
189 verbose installManyTop reading scoped package data from D:\tunk\tunk\examples\counter\node_modules\dashdash\package.json
190 verbose installManyTop reading scoped package data from D:\tunk\tunk\examples\counter\node_modules\date-now\package.json
191 verbose installManyTop reading scoped package data from D:\tunk\tunk\examples\counter\node_modules\de-indent\package.json
192 verbose installManyTop reading scoped package data from D:\tunk\tunk\examples\counter\node_modules\debug\package.json
193 verbose installManyTop reading scoped package data from D:\tunk\tunk\examples\counter\node_modules\decamelize\package.json
194 verbose installManyTop reading scoped package data from D:\tunk\tunk\examples\counter\node_modules\deep-is\package.json
195 verbose installManyTop reading scoped package data from D:\tunk\tunk\examples\counter\node_modules\define-properties\package.json
196 verbose installManyTop reading scoped package data from D:\tunk\tunk\examples\counter\node_modules\defined\package.json
197 verbose installManyTop reading scoped package data from D:\tunk\tunk\examples\counter\node_modules\delayed-stream\package.json
198 verbose installManyTop reading scoped package data from D:\tunk\tunk\examples\counter\node_modules\depd\package.json
199 verbose installManyTop reading scoped package data from D:\tunk\tunk\examples\counter\node_modules\des.js\package.json
200 verbose installManyTop reading scoped package data from D:\tunk\tunk\examples\counter\node_modules\destroy\package.json
201 verbose installManyTop reading scoped package data from D:\tunk\tunk\examples\counter\node_modules\detect-indent\package.json
202 verbose installManyTop reading scoped package data from D:\tunk\tunk\examples\counter\node_modules\detective\package.json
203 verbose installManyTop reading scoped package data from D:\tunk\tunk\examples\counter\node_modules\diff\package.json
204 verbose installManyTop reading scoped package data from D:\tunk\tunk\examples\counter\node_modules\diffie-hellman\package.json
205 verbose installManyTop reading scoped package data from D:\tunk\tunk\examples\counter\node_modules\dom-serializer\package.json
206 verbose installManyTop reading scoped package data from D:\tunk\tunk\examples\counter\node_modules\domain-browser\package.json
207 verbose installManyTop reading scoped package data from D:\tunk\tunk\examples\counter\node_modules\domelementtype\package.json
208 verbose installManyTop reading scoped package data from D:\tunk\tunk\examples\counter\node_modules\domhandler\package.json
209 verbose installManyTop reading scoped package data from D:\tunk\tunk\examples\counter\node_modules\domutils\package.json
210 verbose installManyTop reading scoped package data from D:\tunk\tunk\examples\counter\node_modules\dot-case\package.json
211 verbose installManyTop reading scoped package data from D:\tunk\tunk\examples\counter\node_modules\ecc-jsbn\package.json
212 verbose installManyTop reading scoped package data from D:\tunk\tunk\examples\counter\node_modules\ee-first\package.json
213 verbose installManyTop reading scoped package data from D:\tunk\tunk\examples\counter\node_modules\elliptic\package.json
214 verbose installManyTop reading scoped package data from D:\tunk\tunk\examples\counter\node_modules\emojis-list\package.json
215 verbose installManyTop reading scoped package data from D:\tunk\tunk\examples\counter\node_modules\encodeurl\package.json
216 verbose installManyTop reading scoped package data from D:\tunk\tunk\examples\counter\node_modules\enhanced-resolve\package.json
217 verbose installManyTop reading scoped package data from D:\tunk\tunk\examples\counter\node_modules\entities\package.json
218 verbose installManyTop reading scoped package data from D:\tunk\tunk\examples\counter\node_modules\envify\package.json
219 verbose installManyTop reading scoped package data from D:\tunk\tunk\examples\counter\node_modules\errno\package.json
220 verbose installManyTop reading scoped package data from D:\tunk\tunk\examples\counter\node_modules\error-ex\package.json
221 verbose installManyTop reading scoped package data from D:\tunk\tunk\examples\counter\node_modules\es-abstract\package.json
222 verbose installManyTop reading scoped package data from D:\tunk\tunk\examples\counter\node_modules\es-to-primitive\package.json
223 verbose installManyTop reading scoped package data from D:\tunk\tunk\examples\counter\node_modules\es6-templates\package.json
224 verbose installManyTop reading scoped package data from D:\tunk\tunk\examples\counter\node_modules\escape-html\package.json
225 verbose installManyTop reading scoped package data from D:\tunk\tunk\examples\counter\node_modules\escape-string-regexp\package.json
226 verbose installManyTop reading scoped package data from D:\tunk\tunk\examples\counter\node_modules\escodegen\package.json
227 verbose installManyTop reading scoped package data from D:\tunk\tunk\examples\counter\node_modules\esprima-fb\package.json
228 verbose installManyTop reading scoped package data from D:\tunk\tunk\examples\counter\node_modules\estraverse\package.json
229 verbose installManyTop reading scoped package data from D:\tunk\tunk\examples\counter\node_modules\esutils\package.json
230 verbose installManyTop reading scoped package data from D:\tunk\tunk\examples\counter\node_modules\etag\package.json
231 verbose installManyTop reading scoped package data from D:\tunk\tunk\examples\counter\node_modules\events\package.json
232 verbose installManyTop reading scoped package data from D:\tunk\tunk\examples\counter\node_modules\evp_bytestokey\package.json
233 verbose installManyTop reading scoped package data from D:\tunk\tunk\examples\counter\node_modules\expand-brackets\package.json
234 verbose installManyTop reading scoped package data from D:\tunk\tunk\examples\counter\node_modules\expand-range\package.json
235 verbose installManyTop reading scoped package data from D:\tunk\tunk\examples\counter\node_modules\expect\package.json
236 verbose installManyTop reading scoped package data from D:\tunk\tunk\examples\counter\node_modules\express\package.json
237 verbose installManyTop reading scoped package data from D:\tunk\tunk\examples\counter\node_modules\extend\package.json
238 verbose installManyTop reading scoped package data from D:\tunk\tunk\examples\counter\node_modules\extglob\package.json
239 verbose installManyTop reading scoped package data from D:\tunk\tunk\examples\counter\node_modules\extsprintf\package.json
240 verbose installManyTop reading scoped package data from D:\tunk\tunk\examples\counter\node_modules\fast-levenshtein\package.json
241 verbose installManyTop reading scoped package data from D:\tunk\tunk\examples\counter\node_modules\fastparse\package.json
242 verbose installManyTop reading scoped package data from D:\tunk\tunk\examples\counter\node_modules\filename-regex\package.json
243 verbose installManyTop reading scoped package data from D:\tunk\tunk\examples\counter\node_modules\fill-range\package.json
244 verbose installManyTop reading scoped package data from D:\tunk\tunk\examples\counter\node_modules\finalhandler\package.json
245 verbose installManyTop reading scoped package data from D:\tunk\tunk\examples\counter\node_modules\find-up\package.json
246 verbose installManyTop reading scoped package data from D:\tunk\tunk\examples\counter\node_modules\flatten\package.json
247 verbose installManyTop reading scoped package data from D:\tunk\tunk\examples\counter\node_modules\for-in\package.json
248 verbose installManyTop reading scoped package data from D:\tunk\tunk\examples\counter\node_modules\for-own\package.json
249 verbose installManyTop reading scoped package data from D:\tunk\tunk\examples\counter\node_modules\foreach\package.json
250 verbose installManyTop reading scoped package data from D:\tunk\tunk\examples\counter\node_modules\forever-agent\package.json
251 verbose installManyTop reading scoped package data from D:\tunk\tunk\examples\counter\node_modules\form-data\package.json
252 verbose installManyTop reading scoped package data from D:\tunk\tunk\examples\counter\node_modules\forwarded\package.json
253 verbose installManyTop reading scoped package data from D:\tunk\tunk\examples\counter\node_modules\fresh\package.json
254 verbose installManyTop reading scoped package data from D:\tunk\tunk\examples\counter\node_modules\function-bind\package.json
255 verbose installManyTop reading scoped package data from D:\tunk\tunk\examples\counter\node_modules\generate-function\package.json
256 verbose installManyTop reading scoped package data from D:\tunk\tunk\examples\counter\node_modules\generate-object-property\package.json
257 verbose installManyTop reading scoped package data from D:\tunk\tunk\examples\counter\node_modules\get-caller-file\package.json
258 verbose installManyTop reading scoped package data from D:\tunk\tunk\examples\counter\node_modules\get-stdin\package.json
259 verbose installManyTop reading scoped package data from D:\tunk\tunk\examples\counter\node_modules\getpass\package.json
260 verbose installManyTop reading scoped package data from D:\tunk\tunk\examples\counter\node_modules\glob\package.json
261 verbose installManyTop reading scoped package data from D:\tunk\tunk\examples\counter\node_modules\glob-base\package.json
262 verbose installManyTop reading scoped package data from D:\tunk\tunk\examples\counter\node_modules\glob-parent\package.json
263 verbose installManyTop reading scoped package data from D:\tunk\tunk\examples\counter\node_modules\globals\package.json
264 verbose installManyTop reading scoped package data from D:\tunk\tunk\examples\counter\node_modules\graceful-fs\package.json
265 verbose installManyTop reading scoped package data from D:\tunk\tunk\examples\counter\node_modules\graceful-readlink\package.json
266 verbose installManyTop reading scoped package data from D:\tunk\tunk\examples\counter\node_modules\growl\package.json
267 verbose installManyTop reading scoped package data from D:\tunk\tunk\examples\counter\node_modules\har-validator\package.json
268 verbose installManyTop reading scoped package data from D:\tunk\tunk\examples\counter\node_modules\has\package.json
269 verbose installManyTop reading scoped package data from D:\tunk\tunk\examples\counter\node_modules\has-ansi\package.json
270 verbose installManyTop reading scoped package data from D:\tunk\tunk\examples\counter\node_modules\has-flag\package.json
271 verbose installManyTop reading scoped package data from D:\tunk\tunk\examples\counter\node_modules\hash-sum\package.json
272 verbose installManyTop reading scoped package data from D:\tunk\tunk\examples\counter\node_modules\hash.js\package.json
273 verbose installManyTop reading scoped package data from D:\tunk\tunk\examples\counter\node_modules\hawk\package.json
274 verbose installManyTop reading scoped package data from D:\tunk\tunk\examples\counter\node_modules\he\package.json
275 verbose installManyTop reading scoped package data from D:\tunk\tunk\examples\counter\node_modules\header-case\package.json
276 verbose installManyTop reading scoped package data from D:\tunk\tunk\examples\counter\node_modules\hoek\package.json
277 verbose installManyTop reading scoped package data from D:\tunk\tunk\examples\counter\node_modules\home-or-tmp\package.json
278 verbose installManyTop reading scoped package data from D:\tunk\tunk\examples\counter\node_modules\hosted-git-info\package.json
279 verbose installManyTop reading scoped package data from D:\tunk\tunk\examples\counter\node_modules\html-comment-regex\package.json
280 verbose installManyTop reading scoped package data from D:\tunk\tunk\examples\counter\node_modules\html-entities\package.json
281 verbose installManyTop reading scoped package data from D:\tunk\tunk\examples\counter\node_modules\html-minifier\package.json
282 verbose installManyTop reading scoped package data from D:\tunk\tunk\examples\counter\node_modules\htmlparser2\package.json
283 verbose installManyTop reading scoped package data from D:\tunk\tunk\examples\counter\node_modules\http-browserify\package.json
284 verbose installManyTop reading scoped package data from D:\tunk\tunk\examples\counter\node_modules\http-errors\package.json
285 verbose installManyTop reading scoped package data from D:\tunk\tunk\examples\counter\node_modules\http-signature\package.json
286 verbose installManyTop reading scoped package data from D:\tunk\tunk\examples\counter\node_modules\https-browserify\package.json
287 verbose installManyTop reading scoped package data from D:\tunk\tunk\examples\counter\node_modules\iconv-lite\package.json
288 verbose installManyTop reading scoped package data from D:\tunk\tunk\examples\counter\node_modules\icss-replace-symbols\package.json
289 verbose installManyTop reading scoped package data from D:\tunk\tunk\examples\counter\node_modules\ieee754\package.json
290 verbose installManyTop reading scoped package data from D:\tunk\tunk\examples\counter\node_modules\indexes-of\package.json
291 verbose installManyTop reading scoped package data from D:\tunk\tunk\examples\counter\node_modules\indexof\package.json
292 verbose installManyTop reading scoped package data from D:\tunk\tunk\examples\counter\node_modules\inflight\package.json
293 verbose installManyTop reading scoped package data from D:\tunk\tunk\examples\counter\node_modules\inherits\package.json
294 verbose installManyTop reading scoped package data from D:\tunk\tunk\examples\counter\node_modules\interpret\package.json
295 verbose installManyTop reading scoped package data from D:\tunk\tunk\examples\counter\node_modules\invariant\package.json
296 verbose installManyTop reading scoped package data from D:\tunk\tunk\examples\counter\node_modules\invert-kv\package.json
297 verbose installManyTop reading scoped package data from D:\tunk\tunk\examples\counter\node_modules\ipaddr.js\package.json
298 verbose installManyTop reading scoped package data from D:\tunk\tunk\examples\counter\node_modules\is-absolute-url\package.json
299 verbose installManyTop reading scoped package data from D:\tunk\tunk\examples\counter\node_modules\is-arrayish\package.json
300 verbose installManyTop reading scoped package data from D:\tunk\tunk\examples\counter\node_modules\is-arrow-function\package.json
301 verbose installManyTop reading scoped package data from D:\tunk\tunk\examples\counter\node_modules\is-binary-path\package.json
302 verbose installManyTop reading scoped package data from D:\tunk\tunk\examples\counter\node_modules\is-boolean-object\package.json
303 verbose installManyTop reading scoped package data from D:\tunk\tunk\examples\counter\node_modules\is-buffer\package.json
304 verbose installManyTop reading scoped package data from D:\tunk\tunk\examples\counter\node_modules\is-builtin-module\package.json
305 verbose installManyTop reading scoped package data from D:\tunk\tunk\examples\counter\node_modules\is-callable\package.json
306 verbose installManyTop reading scoped package data from D:\tunk\tunk\examples\counter\node_modules\is-date-object\package.json
307 verbose installManyTop reading scoped package data from D:\tunk\tunk\examples\counter\node_modules\is-dotfile\package.json
308 verbose installManyTop reading scoped package data from D:\tunk\tunk\examples\counter\node_modules\is-equal\package.json
309 verbose installManyTop reading scoped package data from D:\tunk\tunk\examples\counter\node_modules\is-equal-shallow\package.json
310 verbose installManyTop reading scoped package data from D:\tunk\tunk\examples\counter\node_modules\is-extendable\package.json
311 verbose installManyTop reading scoped package data from D:\tunk\tunk\examples\counter\node_modules\is-extglob\package.json
312 verbose installManyTop reading scoped package data from D:\tunk\tunk\examples\counter\node_modules\is-finite\package.json
313 verbose installManyTop reading scoped package data from D:\tunk\tunk\examples\counter\node_modules\is-fullwidth-code-point\package.json
314 verbose installManyTop reading scoped package data from D:\tunk\tunk\examples\counter\node_modules\is-generator-function\package.json
315 verbose installManyTop reading scoped package data from D:\tunk\tunk\examples\counter\node_modules\is-glob\package.json
316 verbose installManyTop reading scoped package data from D:\tunk\tunk\examples\counter\node_modules\is-lower-case\package.json
317 verbose installManyTop reading scoped package data from D:\tunk\tunk\examples\counter\node_modules\is-my-json-valid\package.json
318 verbose installManyTop reading scoped package data from D:\tunk\tunk\examples\counter\node_modules\is-number\package.json
319 verbose installManyTop reading scoped package data from D:\tunk\tunk\examples\counter\node_modules\is-number-object\package.json
320 verbose installManyTop reading scoped package data from D:\tunk\tunk\examples\counter\node_modules\is-plain-obj\package.json
321 verbose installManyTop reading scoped package data from D:\tunk\tunk\examples\counter\node_modules\is-posix-bracket\package.json
322 verbose installManyTop reading scoped package data from D:\tunk\tunk\examples\counter\node_modules\is-primitive\package.json
323 verbose installManyTop reading scoped package data from D:\tunk\tunk\examples\counter\node_modules\is-property\package.json
324 verbose installManyTop reading scoped package data from D:\tunk\tunk\examples\counter\node_modules\is-regex\package.json
325 verbose installManyTop reading scoped package data from D:\tunk\tunk\examples\counter\node_modules\is-string\package.json
326 verbose installManyTop reading scoped package data from D:\tunk\tunk\examples\counter\node_modules\is-svg\package.json
327 verbose installManyTop reading scoped package data from D:\tunk\tunk\examples\counter\node_modules\is-symbol\package.json
328 verbose installManyTop reading scoped package data from D:\tunk\tunk\examples\counter\node_modules\is-typedarray\package.json
329 verbose installManyTop reading scoped package data from D:\tunk\tunk\examples\counter\node_modules\is-upper-case\package.json
330 verbose installManyTop reading scoped package data from D:\tunk\tunk\examples\counter\node_modules\is-utf8\package.json
331 verbose installManyTop reading scoped package data from D:\tunk\tunk\examples\counter\node_modules\isarray\package.json
332 verbose installManyTop reading scoped package data from D:\tunk\tunk\examples\counter\node_modules\isobject\package.json
333 verbose installManyTop reading scoped package data from D:\tunk\tunk\examples\counter\node_modules\isstream\package.json
334 verbose installManyTop reading scoped package data from D:\tunk\tunk\examples\counter\node_modules\jade\package.json
335 verbose installManyTop reading scoped package data from D:\tunk\tunk\examples\counter\node_modules\jodid25519\package.json
336 verbose installManyTop reading scoped package data from D:\tunk\tunk\examples\counter\node_modules\js-base64\package.json
337 verbose installManyTop reading scoped package data from D:\tunk\tunk\examples\counter\node_modules\js-tokens\package.json
338 verbose installManyTop reading scoped package data from D:\tunk\tunk\examples\counter\node_modules\js-yaml\package.json
339 verbose installManyTop reading scoped package data from D:\tunk\tunk\examples\counter\node_modules\jsbn\package.json
340 verbose installManyTop reading scoped package data from D:\tunk\tunk\examples\counter\node_modules\jsdom\package.json
341 verbose installManyTop reading scoped package data from D:\tunk\tunk\examples\counter\node_modules\jsesc\package.json
342 verbose installManyTop reading scoped package data from D:\tunk\tunk\examples\counter\node_modules\json-schema\package.json
343 verbose installManyTop reading scoped package data from D:\tunk\tunk\examples\counter\node_modules\json-stringify-safe\package.json
344 verbose installManyTop reading scoped package data from D:\tunk\tunk\examples\counter\node_modules\json5\package.json
345 verbose installManyTop reading scoped package data from D:\tunk\tunk\examples\counter\node_modules\jsonpointer\package.json
346 verbose installManyTop reading scoped package data from D:\tunk\tunk\examples\counter\node_modules\jsprim\package.json
347 verbose installManyTop reading scoped package data from D:\tunk\tunk\examples\counter\node_modules\jstransform\package.json
348 verbose installManyTop reading scoped package data from D:\tunk\tunk\examples\counter\node_modules\kind-of\package.json
349 verbose installManyTop reading scoped package data from D:\tunk\tunk\examples\counter\node_modules\lazy-cache\package.json
350 verbose installManyTop reading scoped package data from D:\tunk\tunk\examples\counter\node_modules\lcid\package.json
351 verbose installManyTop reading scoped package data from D:\tunk\tunk\examples\counter\node_modules\levn\package.json
352 verbose installManyTop reading scoped package data from D:\tunk\tunk\examples\counter\node_modules\load-json-file\package.json
353 verbose installManyTop reading scoped package data from D:\tunk\tunk\examples\counter\node_modules\loader-runner\package.json
354 verbose installManyTop reading scoped package data from D:\tunk\tunk\examples\counter\node_modules\loader-utils\package.json
355 verbose installManyTop reading scoped package data from D:\tunk\tunk\examples\counter\node_modules\lodash\package.json
356 verbose installManyTop reading scoped package data from D:\tunk\tunk\examples\counter\node_modules\lodash._createcompounder\package.json
357 verbose installManyTop reading scoped package data from D:\tunk\tunk\examples\counter\node_modules\lodash._root\package.json
358 verbose installManyTop reading scoped package data from D:\tunk\tunk\examples\counter\node_modules\lodash.assign\package.json
359 verbose installManyTop reading scoped package data from D:\tunk\tunk\examples\counter\node_modules\lodash.camelcase\package.json
360 verbose installManyTop reading scoped package data from D:\tunk\tunk\examples\counter\node_modules\lodash.deburr\package.json
361 verbose installManyTop reading scoped package data from D:\tunk\tunk\examples\counter\node_modules\lodash.indexof\package.json
362 verbose installManyTop reading scoped package data from D:\tunk\tunk\examples\counter\node_modules\lodash.words\package.json
363 verbose installManyTop reading scoped package data from D:\tunk\tunk\examples\counter\node_modules\longest\package.json
364 verbose installManyTop reading scoped package data from D:\tunk\tunk\examples\counter\node_modules\loose-envify\package.json
365 verbose installManyTop reading scoped package data from D:\tunk\tunk\examples\counter\node_modules\lower-case\package.json
366 verbose installManyTop reading scoped package data from D:\tunk\tunk\examples\counter\node_modules\lower-case-first\package.json
367 verbose installManyTop reading scoped package data from D:\tunk\tunk\examples\counter\node_modules\lru-cache\package.json
368 verbose installManyTop reading scoped package data from D:\tunk\tunk\examples\counter\node_modules\macaddress\package.json
369 verbose installManyTop reading scoped package data from D:\tunk\tunk\examples\counter\node_modules\math-expression-evaluator\package.json
370 verbose installManyTop reading scoped package data from D:\tunk\tunk\examples\counter\node_modules\media-typer\package.json
371 verbose installManyTop reading scoped package data from D:\tunk\tunk\examples\counter\node_modules\memory-fs\package.json
372 verbose installManyTop reading scoped package data from D:\tunk\tunk\examples\counter\node_modules\merge-descriptors\package.json
373 verbose installManyTop reading scoped package data from D:\tunk\tunk\examples\counter\node_modules\methods\package.json
374 verbose installManyTop reading scoped package data from D:\tunk\tunk\examples\counter\node_modules\micromatch\package.json
375 verbose installManyTop reading scoped package data from D:\tunk\tunk\examples\counter\node_modules\miller-rabin\package.json
376 verbose installManyTop reading scoped package data from D:\tunk\tunk\examples\counter\node_modules\mime\package.json
377 verbose installManyTop reading scoped package data from D:\tunk\tunk\examples\counter\node_modules\mime-db\package.json
378 verbose installManyTop reading scoped package data from D:\tunk\tunk\examples\counter\node_modules\mime-types\package.json
379 verbose installManyTop reading scoped package data from D:\tunk\tunk\examples\counter\node_modules\minimalistic-assert\package.json
380 verbose installManyTop reading scoped package data from D:\tunk\tunk\examples\counter\node_modules\minimatch\package.json
381 verbose installManyTop reading scoped package data from D:\tunk\tunk\examples\counter\node_modules\minimist\package.json
382 verbose installManyTop reading scoped package data from D:\tunk\tunk\examples\counter\node_modules\mkdirp\package.json
383 verbose installManyTop reading scoped package data from D:\tunk\tunk\examples\counter\node_modules\mocha\package.json
384 verbose installManyTop reading scoped package data from D:\tunk\tunk\examples\counter\node_modules\ms\package.json
385 verbose installManyTop reading scoped package data from D:\tunk\tunk\examples\counter\node_modules\ncname\package.json
386 verbose installManyTop reading scoped package data from D:\tunk\tunk\examples\counter\node_modules\negotiator\package.json
387 verbose installManyTop reading scoped package data from D:\tunk\tunk\examples\counter\node_modules\no-case\package.json
388 verbose installManyTop reading scoped package data from D:\tunk\tunk\examples\counter\node_modules\node-libs-browser\package.json
389 verbose installManyTop reading scoped package data from D:\tunk\tunk\examples\counter\node_modules\node-uuid\package.json
390 verbose installManyTop reading scoped package data from D:\tunk\tunk\examples\counter\node_modules\normalize-package-data\package.json
391 verbose installManyTop reading scoped package data from D:\tunk\tunk\examples\counter\node_modules\normalize-path\package.json
392 verbose installManyTop reading scoped package data from D:\tunk\tunk\examples\counter\node_modules\normalize-range\package.json
393 verbose installManyTop reading scoped package data from D:\tunk\tunk\examples\counter\node_modules\normalize-url\package.json
394 verbose installManyTop reading scoped package data from D:\tunk\tunk\examples\counter\node_modules\num2fraction\package.json
395 verbose installManyTop reading scoped package data from D:\tunk\tunk\examples\counter\node_modules\number-is-nan\package.json
396 verbose installManyTop reading scoped package data from D:\tunk\tunk\examples\counter\node_modules\nwmatcher\package.json
397 verbose installManyTop reading scoped package data from D:\tunk\tunk\examples\counter\node_modules\oauth-sign\package.json
398 verbose installManyTop reading scoped package data from D:\tunk\tunk\examples\counter\node_modules\object-assign\package.json
399 verbose installManyTop reading scoped package data from D:\tunk\tunk\examples\counter\node_modules\object-inspect\package.json
400 verbose installManyTop reading scoped package data from D:\tunk\tunk\examples\counter\node_modules\object-keys\package.json
401 verbose installManyTop reading scoped package data from D:\tunk\tunk\examples\counter\node_modules\object.entries\package.json
402 verbose installManyTop reading scoped package data from D:\tunk\tunk\examples\counter\node_modules\object.omit\package.json
403 verbose installManyTop reading scoped package data from D:\tunk\tunk\examples\counter\node_modules\on-finished\package.json
404 verbose installManyTop reading scoped package data from D:\tunk\tunk\examples\counter\node_modules\once\package.json
405 verbose installManyTop reading scoped package data from D:\tunk\tunk\examples\counter\node_modules\optionator\package.json
406 verbose installManyTop reading scoped package data from D:\tunk\tunk\examples\counter\node_modules\os-browserify\package.json
407 verbose installManyTop reading scoped package data from D:\tunk\tunk\examples\counter\node_modules\os-locale\package.json
408 verbose installManyTop reading scoped package data from D:\tunk\tunk\examples\counter\node_modules\os-tmpdir\package.json
409 verbose installManyTop reading scoped package data from D:\tunk\tunk\examples\counter\node_modules\pako\package.json
410 verbose installManyTop reading scoped package data from D:\tunk\tunk\examples\counter\node_modules\param-case\package.json
411 verbose installManyTop reading scoped package data from D:\tunk\tunk\examples\counter\node_modules\parse-asn1\package.json
412 verbose installManyTop reading scoped package data from D:\tunk\tunk\examples\counter\node_modules\parse-glob\package.json
413 verbose installManyTop reading scoped package data from D:\tunk\tunk\examples\counter\node_modules\parse-json\package.json
414 verbose installManyTop reading scoped package data from D:\tunk\tunk\examples\counter\node_modules\parse5\package.json
415 verbose installManyTop reading scoped package data from D:\tunk\tunk\examples\counter\node_modules\parseurl\package.json
416 verbose installManyTop reading scoped package data from D:\tunk\tunk\examples\counter\node_modules\pascal-case\package.json
417 verbose installManyTop reading scoped package data from D:\tunk\tunk\examples\counter\node_modules\path-browserify\package.json
418 verbose installManyTop reading scoped package data from D:\tunk\tunk\examples\counter\node_modules\path-case\package.json
419 verbose installManyTop reading scoped package data from D:\tunk\tunk\examples\counter\node_modules\path-exists\package.json
420 verbose installManyTop reading scoped package data from D:\tunk\tunk\examples\counter\node_modules\path-is-absolute\package.json
421 verbose installManyTop reading scoped package data from D:\tunk\tunk\examples\counter\node_modules\path-to-regexp\package.json
422 verbose installManyTop reading scoped package data from D:\tunk\tunk\examples\counter\node_modules\path-type\package.json
423 verbose installManyTop reading scoped package data from D:\tunk\tunk\examples\counter\node_modules\pbkdf2\package.json
424 verbose installManyTop reading scoped package data from D:\tunk\tunk\examples\counter\node_modules\pbkdf2-compat\package.json
425 verbose installManyTop reading scoped package data from D:\tunk\tunk\examples\counter\node_modules\pify\package.json
426 verbose installManyTop reading scoped package data from D:\tunk\tunk\examples\counter\node_modules\pinkie\package.json
427 verbose installManyTop reading scoped package data from D:\tunk\tunk\examples\counter\node_modules\pinkie-promise\package.json
428 verbose installManyTop reading scoped package data from D:\tunk\tunk\examples\counter\node_modules\postcss\package.json
429 verbose installManyTop reading scoped package data from D:\tunk\tunk\examples\counter\node_modules\postcss-calc\package.json
430 verbose installManyTop reading scoped package data from D:\tunk\tunk\examples\counter\node_modules\postcss-colormin\package.json
431 verbose installManyTop reading scoped package data from D:\tunk\tunk\examples\counter\node_modules\postcss-convert-values\package.json
432 verbose installManyTop reading scoped package data from D:\tunk\tunk\examples\counter\node_modules\postcss-discard-comments\package.json
433 verbose installManyTop reading scoped package data from D:\tunk\tunk\examples\counter\node_modules\postcss-discard-duplicates\package.json
434 verbose installManyTop reading scoped package data from D:\tunk\tunk\examples\counter\node_modules\postcss-discard-empty\package.json
435 verbose installManyTop reading scoped package data from D:\tunk\tunk\examples\counter\node_modules\postcss-discard-overridden\package.json
436 verbose installManyTop reading scoped package data from D:\tunk\tunk\examples\counter\node_modules\postcss-discard-unused\package.json
437 verbose installManyTop reading scoped package data from D:\tunk\tunk\examples\counter\node_modules\postcss-filter-plugins\package.json
438 verbose installManyTop reading scoped package data from D:\tunk\tunk\examples\counter\node_modules\postcss-merge-idents\package.json
439 verbose installManyTop reading scoped package data from D:\tunk\tunk\examples\counter\node_modules\postcss-merge-longhand\package.json
440 verbose installManyTop reading scoped package data from D:\tunk\tunk\examples\counter\node_modules\postcss-merge-rules\package.json
441 verbose installManyTop reading scoped package data from D:\tunk\tunk\examples\counter\node_modules\postcss-message-helpers\package.json
442 verbose installManyTop reading scoped package data from D:\tunk\tunk\examples\counter\node_modules\postcss-minify-font-values\package.json
443 verbose installManyTop reading scoped package data from D:\tunk\tunk\examples\counter\node_modules\postcss-minify-gradients\package.json
444 verbose installManyTop reading scoped package data from D:\tunk\tunk\examples\counter\node_modules\postcss-minify-params\package.json
445 verbose installManyTop reading scoped package data from D:\tunk\tunk\examples\counter\node_modules\postcss-minify-selectors\package.json
446 verbose installManyTop reading scoped package data from D:\tunk\tunk\examples\counter\node_modules\postcss-modules-extract-imports\package.json
447 verbose installManyTop reading scoped package data from D:\tunk\tunk\examples\counter\node_modules\postcss-modules-local-by-default\package.json
448 verbose installManyTop reading scoped package data from D:\tunk\tunk\examples\counter\node_modules\postcss-modules-scope\package.json
449 verbose installManyTop reading scoped package data from D:\tunk\tunk\examples\counter\node_modules\postcss-modules-values\package.json
450 verbose installManyTop reading scoped package data from D:\tunk\tunk\examples\counter\node_modules\postcss-normalize-charset\package.json
451 verbose installManyTop reading scoped package data from D:\tunk\tunk\examples\counter\node_modules\postcss-normalize-url\package.json
452 verbose installManyTop reading scoped package data from D:\tunk\tunk\examples\counter\node_modules\postcss-ordered-values\package.json
453 verbose installManyTop reading scoped package data from D:\tunk\tunk\examples\counter\node_modules\postcss-reduce-idents\package.json
454 verbose installManyTop reading scoped package data from D:\tunk\tunk\examples\counter\node_modules\postcss-reduce-initial\package.json
455 verbose installManyTop reading scoped package data from D:\tunk\tunk\examples\counter\node_modules\postcss-reduce-transforms\package.json
456 verbose installManyTop reading scoped package data from D:\tunk\tunk\examples\counter\node_modules\postcss-selector-parser\package.json
457 verbose installManyTop reading scoped package data from D:\tunk\tunk\examples\counter\node_modules\postcss-svgo\package.json
458 verbose installManyTop reading scoped package data from D:\tunk\tunk\examples\counter\node_modules\postcss-unique-selectors\package.json
459 verbose installManyTop reading scoped package data from D:\tunk\tunk\examples\counter\node_modules\postcss-value-parser\package.json
460 verbose installManyTop reading scoped package data from D:\tunk\tunk\examples\counter\node_modules\postcss-zindex\package.json
461 verbose installManyTop reading scoped package data from D:\tunk\tunk\examples\counter\node_modules\prelude-ls\package.json
462 verbose installManyTop reading scoped package data from D:\tunk\tunk\examples\counter\node_modules\prepend-http\package.json
463 verbose installManyTop reading scoped package data from D:\tunk\tunk\examples\counter\node_modules\preserve\package.json
464 verbose installManyTop reading scoped package data from D:\tunk\tunk\examples\counter\node_modules\private\package.json
465 verbose installManyTop reading scoped package data from D:\tunk\tunk\examples\counter\node_modules\process\package.json
466 verbose installManyTop reading scoped package data from D:\tunk\tunk\examples\counter\node_modules\process-nextick-args\package.json
467 verbose installManyTop reading scoped package data from D:\tunk\tunk\examples\counter\node_modules\proxy-addr\package.json
468 verbose installManyTop reading scoped package data from D:\tunk\tunk\examples\counter\node_modules\prr\package.json
469 verbose installManyTop reading scoped package data from D:\tunk\tunk\examples\counter\node_modules\public-encrypt\package.json
470 verbose installManyTop reading scoped package data from D:\tunk\tunk\examples\counter\node_modules\punycode\package.json
471 verbose installManyTop reading scoped package data from D:\tunk\tunk\examples\counter\node_modules\q\package.json
472 verbose installManyTop reading scoped package data from D:\tunk\tunk\examples\counter\node_modules\qs\package.json
473 verbose installManyTop reading scoped package data from D:\tunk\tunk\examples\counter\node_modules\query-string\package.json
474 verbose installManyTop reading scoped package data from D:\tunk\tunk\examples\counter\node_modules\querystring\package.json
475 verbose installManyTop reading scoped package data from D:\tunk\tunk\examples\counter\node_modules\querystring-es3\package.json
476 verbose installManyTop reading scoped package data from D:\tunk\tunk\examples\counter\node_modules\randomatic\package.json
477 verbose installManyTop reading scoped package data from D:\tunk\tunk\examples\counter\node_modules\randombytes\package.json
478 verbose installManyTop reading scoped package data from D:\tunk\tunk\examples\counter\node_modules\range-parser\package.json
479 verbose installManyTop reading scoped package data from D:\tunk\tunk\examples\counter\node_modules\raw-loader\package.json
480 verbose installManyTop reading scoped package data from D:\tunk\tunk\examples\counter\node_modules\read-pkg\package.json
481 verbose installManyTop reading scoped package data from D:\tunk\tunk\examples\counter\node_modules\read-pkg-up\package.json
482 verbose installManyTop reading scoped package data from D:\tunk\tunk\examples\counter\node_modules\readable-stream\package.json
483 verbose installManyTop reading scoped package data from D:\tunk\tunk\examples\counter\node_modules\readdirp\package.json
484 verbose installManyTop reading scoped package data from D:\tunk\tunk\examples\counter\node_modules\recast\package.json
485 verbose installManyTop reading scoped package data from D:\tunk\tunk\examples\counter\node_modules\reduce-css-calc\package.json
486 verbose installManyTop reading scoped package data from D:\tunk\tunk\examples\counter\node_modules\reduce-function-call\package.json
487 verbose installManyTop reading scoped package data from D:\tunk\tunk\examples\counter\node_modules\regenerate\package.json
488 verbose installManyTop reading scoped package data from D:\tunk\tunk\examples\counter\node_modules\regenerator-runtime\package.json
489 verbose installManyTop reading scoped package data from D:\tunk\tunk\examples\counter\node_modules\regex-cache\package.json
490 verbose installManyTop reading scoped package data from D:\tunk\tunk\examples\counter\node_modules\regexpu-core\package.json
491 verbose installManyTop reading scoped package data from D:\tunk\tunk\examples\counter\node_modules\regjsgen\package.json
492 verbose installManyTop reading scoped package data from D:\tunk\tunk\examples\counter\node_modules\regjsparser\package.json
493 verbose installManyTop reading scoped package data from D:\tunk\tunk\examples\counter\node_modules\relateurl\package.json
494 verbose installManyTop reading scoped package data from D:\tunk\tunk\examples\counter\node_modules\repeat-element\package.json
495 verbose installManyTop reading scoped package data from D:\tunk\tunk\examples\counter\node_modules\repeat-string\package.json
496 verbose installManyTop reading scoped package data from D:\tunk\tunk\examples\counter\node_modules\repeating\package.json
497 verbose installManyTop reading scoped package data from D:\tunk\tunk\examples\counter\node_modules\request\package.json
498 verbose installManyTop reading scoped package data from D:\tunk\tunk\examples\counter\node_modules\require-directory\package.json
499 verbose installManyTop reading scoped package data from D:\tunk\tunk\examples\counter\node_modules\require-main-filename\package.json
500 verbose installManyTop reading scoped package data from D:\tunk\tunk\examples\counter\node_modules\right-align\package.json
501 verbose installManyTop reading scoped package data from D:\tunk\tunk\examples\counter\node_modules\ripemd160\package.json
502 verbose installManyTop reading scoped package data from D:\tunk\tunk\examples\counter\node_modules\sax\package.json
503 verbose installManyTop reading scoped package data from D:\tunk\tunk\examples\counter\node_modules\script-loader\package.json
504 verbose installManyTop reading scoped package data from D:\tunk\tunk\examples\counter\node_modules\semver\package.json
505 verbose installManyTop reading scoped package data from D:\tunk\tunk\examples\counter\node_modules\send\package.json
506 verbose installManyTop reading scoped package data from D:\tunk\tunk\examples\counter\node_modules\sentence-case\package.json
507 verbose installManyTop reading scoped package data from D:\tunk\tunk\examples\counter\node_modules\serve-static\package.json
508 verbose installManyTop reading scoped package data from D:\tunk\tunk\examples\counter\node_modules\set-blocking\package.json
509 verbose installManyTop reading scoped package data from D:\tunk\tunk\examples\counter\node_modules\set-immediate-shim\package.json
510 verbose installManyTop reading scoped package data from D:\tunk\tunk\examples\counter\node_modules\setimmediate\package.json
511 verbose installManyTop reading scoped package data from D:\tunk\tunk\examples\counter\node_modules\setprototypeof\package.json
512 verbose installManyTop reading scoped package data from D:\tunk\tunk\examples\counter\node_modules\sha.js\package.json
513 verbose installManyTop reading scoped package data from D:\tunk\tunk\examples\counter\node_modules\shebang-regex\package.json
514 verbose installManyTop reading scoped package data from D:\tunk\tunk\examples\counter\node_modules\sigmund\package.json
515 verbose installManyTop reading scoped package data from D:\tunk\tunk\examples\counter\node_modules\slash\package.json
516 verbose installManyTop reading scoped package data from D:\tunk\tunk\examples\counter\node_modules\snake-case\package.json
517 verbose installManyTop reading scoped package data from D:\tunk\tunk\examples\counter\node_modules\sntp\package.json
518 verbose installManyTop reading scoped package data from D:\tunk\tunk\examples\counter\node_modules\sort-keys\package.json
519 verbose installManyTop reading scoped package data from D:\tunk\tunk\examples\counter\node_modules\source-list-map\package.json
520 verbose installManyTop reading scoped package data from D:\tunk\tunk\examples\counter\node_modules\source-map\package.json
521 verbose installManyTop reading scoped package data from D:\tunk\tunk\examples\counter\node_modules\source-map-support\package.json
522 verbose installManyTop reading scoped package data from D:\tunk\tunk\examples\counter\node_modules\spdx-correct\package.json
523 verbose installManyTop reading scoped package data from D:\tunk\tunk\examples\counter\node_modules\spdx-expression-parse\package.json
524 verbose installManyTop reading scoped package data from D:\tunk\tunk\examples\counter\node_modules\spdx-license-ids\package.json
525 verbose installManyTop reading scoped package data from D:\tunk\tunk\examples\counter\node_modules\sprintf-js\package.json
526 verbose installManyTop reading scoped package data from D:\tunk\tunk\examples\counter\node_modules\sshpk\package.json
527 verbose installManyTop reading scoped package data from D:\tunk\tunk\examples\counter\node_modules\statuses\package.json
528 verbose installManyTop reading scoped package data from D:\tunk\tunk\examples\counter\node_modules\stream-browserify\package.json
529 verbose installManyTop reading scoped package data from D:\tunk\tunk\examples\counter\node_modules\strict-uri-encode\package.json
530 verbose installManyTop reading scoped package data from D:\tunk\tunk\examples\counter\node_modules\string-width\package.json
531 verbose installManyTop reading scoped package data from D:\tunk\tunk\examples\counter\node_modules\string_decoder\package.json
532 verbose installManyTop reading scoped package data from D:\tunk\tunk\examples\counter\node_modules\stringstream\package.json
533 verbose installManyTop reading scoped package data from D:\tunk\tunk\examples\counter\node_modules\strip-ansi\package.json
534 verbose installManyTop reading scoped package data from D:\tunk\tunk\examples\counter\node_modules\strip-bom\package.json
535 verbose installManyTop reading scoped package data from D:\tunk\tunk\examples\counter\node_modules\style-loader\package.json
536 verbose installManyTop reading scoped package data from D:\tunk\tunk\examples\counter\node_modules\supports-color\package.json
537 verbose installManyTop reading scoped package data from D:\tunk\tunk\examples\counter\node_modules\svgo\package.json
538 verbose installManyTop reading scoped package data from D:\tunk\tunk\examples\counter\node_modules\swap-case\package.json
539 verbose installManyTop reading scoped package data from D:\tunk\tunk\examples\counter\node_modules\tapable\package.json
540 verbose installManyTop reading scoped package data from D:\tunk\tunk\examples\counter\node_modules\through\package.json
541 verbose installManyTop reading scoped package data from D:\tunk\tunk\examples\counter\node_modules\timers-browserify\package.json
542 verbose installManyTop reading scoped package data from D:\tunk\tunk\examples\counter\node_modules\title-case\package.json
543 verbose installManyTop reading scoped package data from D:\tunk\tunk\examples\counter\node_modules\tmatch\package.json
544 verbose installManyTop reading scoped package data from D:\tunk\tunk\examples\counter\node_modules\to-fast-properties\package.json
545 verbose installManyTop reading scoped package data from D:\tunk\tunk\examples\counter\node_modules\to-iso-string\package.json
546 verbose installManyTop reading scoped package data from D:\tunk\tunk\examples\counter\node_modules\tough-cookie\package.json
547 verbose installManyTop reading scoped package data from D:\tunk\tunk\examples\counter\node_modules\tty-browserify\package.json
548 verbose installManyTop reading scoped package data from D:\tunk\tunk\examples\counter\node_modules\tunk\package.json
549 verbose installManyTop reading scoped package data from D:\tunk\tunk\examples\counter\node_modules\tunk-action-middleware\package.json
550 verbose installManyTop reading scoped package data from D:\tunk\tunk\examples\counter\node_modules\tunk-vue\package.json
551 verbose installManyTop reading scoped package data from D:\tunk\tunk\examples\counter\node_modules\tunnel-agent\package.json
552 verbose installManyTop reading scoped package data from D:\tunk\tunk\examples\counter\node_modules\tweetnacl\package.json
553 verbose installManyTop reading scoped package data from D:\tunk\tunk\examples\counter\node_modules\type-check\package.json
554 verbose installManyTop reading scoped package data from D:\tunk\tunk\examples\counter\node_modules\type-is\package.json
555 verbose installManyTop reading scoped package data from D:\tunk\tunk\examples\counter\node_modules\uglify-js\package.json
556 verbose installManyTop reading scoped package data from D:\tunk\tunk\examples\counter\node_modules\uglify-to-browserify\package.json
557 verbose installManyTop reading scoped package data from D:\tunk\tunk\examples\counter\node_modules\uniq\package.json
558 verbose installManyTop reading scoped package data from D:\tunk\tunk\examples\counter\node_modules\uniqid\package.json
559 verbose installManyTop reading scoped package data from D:\tunk\tunk\examples\counter\node_modules\uniqs\package.json
560 verbose installManyTop reading scoped package data from D:\tunk\tunk\examples\counter\node_modules\unpipe\package.json
561 verbose installManyTop reading scoped package data from D:\tunk\tunk\examples\counter\node_modules\upper-case\package.json
562 verbose installManyTop reading scoped package data from D:\tunk\tunk\examples\counter\node_modules\upper-case-first\package.json
563 verbose installManyTop reading scoped package data from D:\tunk\tunk\examples\counter\node_modules\url\package.json
564 verbose installManyTop reading scoped package data from D:\tunk\tunk\examples\counter\node_modules\url-loader\package.json
565 verbose installManyTop reading scoped package data from D:\tunk\tunk\examples\counter\node_modules\user-home\package.json
566 verbose installManyTop reading scoped package data from D:\tunk\tunk\examples\counter\node_modules\util\package.json
567 verbose installManyTop reading scoped package data from D:\tunk\tunk\examples\counter\node_modules\util-deprecate\package.json
568 verbose installManyTop reading scoped package data from D:\tunk\tunk\examples\counter\node_modules\utils-merge\package.json
569 verbose installManyTop reading scoped package data from D:\tunk\tunk\examples\counter\node_modules\validate-npm-package-license\package.json
570 verbose installManyTop reading scoped package data from D:\tunk\tunk\examples\counter\node_modules\vary\package.json
571 verbose installManyTop reading scoped package data from D:\tunk\tunk\examples\counter\node_modules\vendors\package.json
572 verbose installManyTop reading scoped package data from D:\tunk\tunk\examples\counter\node_modules\verror\package.json
573 verbose installManyTop reading scoped package data from D:\tunk\tunk\examples\counter\node_modules\vm-browserify\package.json
574 verbose installManyTop reading scoped package data from D:\tunk\tunk\examples\counter\node_modules\vue\package.json
575 verbose installManyTop reading scoped package data from D:\tunk\tunk\examples\counter\node_modules\vue-flow\package.json
576 verbose installManyTop reading scoped package data from D:\tunk\tunk\examples\counter\node_modules\vue-html-loader\package.json
577 verbose installManyTop reading scoped package data from D:\tunk\tunk\examples\counter\node_modules\vue-loader\package.json
578 verbose installManyTop reading scoped package data from D:\tunk\tunk\examples\counter\node_modules\vue-style-loader\package.json
579 verbose installManyTop reading scoped package data from D:\tunk\tunk\examples\counter\node_modules\vue-template-validator\package.json
580 verbose installManyTop reading scoped package data from D:\tunk\tunk\examples\counter\node_modules\watchpack\package.json
581 verbose installManyTop reading scoped package data from D:\tunk\tunk\examples\counter\node_modules\webpack\package.json
582 verbose installManyTop reading scoped package data from D:\tunk\tunk\examples\counter\node_modules\webpack-dev-middleware\package.json
583 verbose installManyTop reading scoped package data from D:\tunk\tunk\examples\counter\node_modules\webpack-hot-middleware\package.json
584 verbose installManyTop reading scoped package data from D:\tunk\tunk\examples\counter\node_modules\webpack-sources\package.json
585 verbose installManyTop reading scoped package data from D:\tunk\tunk\examples\counter\node_modules\whet.extend\package.json
586 verbose installManyTop reading scoped package data from D:\tunk\tunk\examples\counter\node_modules\which-module\package.json
587 verbose installManyTop reading scoped package data from D:\tunk\tunk\examples\counter\node_modules\window-size\package.json
588 verbose installManyTop reading scoped package data from D:\tunk\tunk\examples\counter\node_modules\wordwrap\package.json
589 verbose installManyTop reading scoped package data from D:\tunk\tunk\examples\counter\node_modules\wrap-ansi\package.json
590 verbose installManyTop reading scoped package data from D:\tunk\tunk\examples\counter\node_modules\wrappy\package.json
591 verbose installManyTop reading scoped package data from D:\tunk\tunk\examples\counter\node_modules\xml-char-classes\package.json
592 verbose installManyTop reading scoped package data from D:\tunk\tunk\examples\counter\node_modules\xml-name-validator\package.json
593 verbose installManyTop reading scoped package data from D:\tunk\tunk\examples\counter\node_modules\xmlhttprequest\package.json
594 verbose installManyTop reading scoped package data from D:\tunk\tunk\examples\counter\node_modules\xtend\package.json
595 verbose installManyTop reading scoped package data from D:\tunk\tunk\examples\counter\node_modules\y18n\package.json
596 verbose installManyTop reading scoped package data from D:\tunk\tunk\examples\counter\node_modules\yargs\package.json
597 verbose installManyTop reading scoped package data from D:\tunk\tunk\examples\counter\node_modules\yargs-parser\package.json
598 info package.json Base64@0.2.1 No license field.
599 info package.json ansi-html@0.0.5 license should be a valid SPDX license expression
600 info package.json apply.js@1.0.0 No repository field.
601 info package.json arr-flatten@1.0.1 license should be a valid SPDX license expression
602 info package.json array-unique@0.2.1 license should be a valid SPDX license expression
603 info package.json assert@1.4.1 assert is also the name of a node core module.
604 info package.json babel-plugin-transform-regenerator@6.14.0 license should be a valid SPDX license expression
605 info package.json babel-traverse@6.15.0 No description
606 info package.json bcrypt-pbkdf@1.0.0 No repository field.
607 info package.json browser-request@0.3.3 No license field.
608 info package.json buffer@3.6.0 buffer is also the name of a node core module.
609 info package.json coa@1.0.1 No license field.
610 info package.json console-browserify@1.1.0 No license field.
611 info package.json cssesc@0.1.0 No license field.
612 info package.json date-now@0.1.4 No license field.
613 info package.json deep-is@0.1.3 license should be a valid SPDX license expression
614 info package.json diff@1.4.0 No license field.
615 info package.json domhandler@2.3.0 No license field.
616 info package.json domelementtype@1.3.0 No license field.
617 info package.json domutils@1.5.1 No license field.
618 info package.json enhanced-resolve@2.2.2 No license field.
619 info package.json entities@1.1.1 license should be a valid SPDX license expression
620 info package.json es6-templates@0.2.3 license should be a valid SPDX license expression
621 info package.json esprima-fb@15001.1.0-dev-harmony-fb No license field.
622 info package.json estraverse@1.9.3 No license field.
623 info package.json esutils@2.0.2 No license field.
624 info package.json events@1.1.1 events is also the name of a node core module.
625 info package.json extsprintf@1.0.2 No license field.
626 info package.json filename-regex@2.0.0 license should be a valid SPDX license expression
627 info package.json function-bind@1.1.0 No license field.
628 info package.json glob-base@0.3.0 license should be a valid SPDX license expression
629 info package.json has@1.0.1 No license field.
630 info package.json http-browserify@1.7.0 license should be a valid SPDX license expression
631 info package.json indexof@0.0.1 No repository field.
632 info package.json indexof@0.0.1 No license field.
633 info package.json is-primitive@2.0.0 license should be a valid SPDX license expression
634 info package.json jade@0.26.3 No license field.
635 info package.json js-base64@2.1.9 license should be a valid SPDX license expression
636 info package.json jsbn@0.1.0 license should be a valid SPDX license expression
637 info package.json jsesc@0.5.0 No license field.
638 info package.json json-schema@0.2.2 No license field.
639 info package.json longest@1.0.1 license should be a valid SPDX license expression
640 info package.json mime@1.3.4 No license field.
641 info package.json ms@0.7.1 No license field.
642 info package.json node-uuid@1.4.7 No license field.
643 info package.json nwmatcher@1.3.8 No license field.
644 info package.json parse5@1.5.1 No license field.
645 info package.json prelude-ls@1.1.2 No license field.
646 info package.json preserve@0.2.0 license should be a valid SPDX license expression
647 info package.json process@0.11.9 process is also the name of a node core module.
648 info package.json punycode@1.4.1 punycode is also the name of a node core module.
649 info package.json q@1.4.1 license should be a valid SPDX license expression
650 info package.json querystring@0.2.0 querystring is also the name of a node core module.
651 info package.json querystring@0.2.0 No license field.
652 info package.json querystring-es3@0.2.1 No license field.
653 info package.json raw-loader@0.5.1 No license field.
654 info package.json regjsparser@0.1.5 license should be a valid SPDX license expression
655 info package.json repeat-element@1.1.2 license should be a valid SPDX license expression
656 info package.json ripemd160@0.2.0 No license field.
657 info package.json script-loader@0.7.0 No license field.
658 info package.json sntp@1.0.9 No license field.
659 info package.json source-map-support@0.2.10 No license field.
660 info package.json string_decoder@0.10.31 string_decoder is also the name of a node core module.
661 info package.json timers-browserify@1.4.2 No license field.
662 info package.json tweetnacl@0.13.3 license should be a valid SPDX license expression
663 info package.json url@0.10.3 url is also the name of a node core module.
664 info package.json util@0.10.3 util is also the name of a node core module.
665 info package.json utils-merge@1.0.0 No license field.
666 info package.json verror@1.3.6 No license field.
667 info package.json vue-flow@0.2.3 No repository field.
668 info package.json vue-html-loader@1.2.3 No license field.
669 info package.json webpack-dev-middleware@1.6.1 No license field.
670 info package.json window-size@0.1.0 No license field.
671 info package.json tunk@1.1.3 No repository field.
672 info package.json tunk-action-middleware@0.3.1 No repository field.
673 info package.json tunk-vue@0.3.1 No repository field.
674 verbose readDependencies loading dependencies from D:\tunk\tunk\examples\counter\package.json
675 verbose install apply.js is installed as 1.0.0
676 silly cache add args [ 'apply.js', null ]
677 verbose cache add spec apply.js
678 silly cache add parsed spec Result {
678 silly cache add   raw: 'apply.js',
678 silly cache add   scope: null,
678 silly cache add   name: 'apply.js',
678 silly cache add   rawSpec: '',
678 silly cache add   spec: 'latest',
678 silly cache add   type: 'tag' }
679 silly addNamed apply.js@latest
680 verbose addNamed "latest" is being treated as a dist-tag for apply.js
681 info addNameTag [ 'apply.js', 'latest' ]
682 silly mapToRegistry name apply.js
683 silly mapToRegistry using default registry
684 silly mapToRegistry registry https://registry.npm.taobao.org/
685 silly mapToRegistry uri https://registry.npm.taobao.org/apply.js
686 verbose addNameTag registry:https://registry.npm.taobao.org/apply.js not in flight; fetching
687 verbose request uri https://registry.npm.taobao.org/apply.js
688 verbose request no auth needed
689 info attempt registry request try #1 at 23:30:30
690 verbose request id 9eb2332390c2668b
691 verbose etag "a60-yoiYq5uK8WLmZC5K6ChoNQ"
692 http request GET https://registry.npm.taobao.org/apply.js
693 http 304 https://registry.npm.taobao.org/apply.js
694 verbose headers { date: 'Tue, 06 Sep 2016 15:30:35 GMT',
694 verbose headers   connection: 'keep-alive',
694 verbose headers   'x-current-requests': '1',
694 verbose headers   etag: '"a60-yoiYq5uK8WLmZC5K6ChoNQ"',
694 verbose headers   'x-readtime': '15' }
695 silly get cb [ 304,
695 silly get   { date: 'Tue, 06 Sep 2016 15:30:35 GMT',
695 silly get     connection: 'keep-alive',
695 silly get     'x-current-requests': '1',
695 silly get     etag: '"a60-yoiYq5uK8WLmZC5K6ChoNQ"',
695 silly get     'x-readtime': '15' } ]
696 verbose etag https://registry.npm.taobao.org/apply.js from cache
697 verbose get saving apply.js to C:\Users\steven\.cnpm\registry.npm.taobao.org\apply.js\.cache.json
698 silly addNameTag next cb for apply.js with tag latest
699 silly addNamed apply.js@1.0.0
700 verbose addNamed "1.0.0" is a plain semver version for apply.js
701 silly cache afterAdd apply.js@1.0.0
702 verbose afterAdd C:\Users\steven\.cnpm\apply.js\1.0.0\package\package.json not in flight; writing
703 verbose afterAdd C:\Users\steven\.cnpm\apply.js\1.0.0\package\package.json written
704 silly install resolved [ { name: 'apply.js',
704 silly install resolved     version: '1.0.0',
704 silly install resolved     description: 'apply(function, args, [context]) ### args should be type of array or arguments',
704 silly install resolved     main: 'apply.js',
704 silly install resolved     author: { name: 'steven chen', email: '522702986@qq.com' },
704 silly install resolved     license: 'MIT',
704 silly install resolved     scripts: { test: 'echo "Error: no test specified" && exit 1' },
704 silly install resolved     gitHead: '563cca166bd88938b9cb83406e2ffe1ecab3c551',
704 silly install resolved     _id: 'apply.js@1.0.0',
704 silly install resolved     _shasum: '3a5bb85c9dd47be5abb41311a962fb95b0187f54',
704 silly install resolved     _from: 'apply.js@latest',
704 silly install resolved     _npmVersion: '3.3.12',
704 silly install resolved     _nodeVersion: '5.2.0',
704 silly install resolved     _npmUser: { name: 'stevencjc', email: '522702986@qq.com' },
704 silly install resolved     dist:
704 silly install resolved      { shasum: '3a5bb85c9dd47be5abb41311a962fb95b0187f54',
704 silly install resolved        size: 702,
704 silly install resolved        noattachment: false,
704 silly install resolved        tarball: 'http://registry.npm.taobao.org/apply.js/download/apply.js-1.0.0.tgz' },
704 silly install resolved     maintainers: [ [Object] ],
704 silly install resolved     _npmOperationalInternal:
704 silly install resolved      { host: 'packages-12-west.internal.npmjs.com',
704 silly install resolved        tmp: 'tmp/apply.js-1.0.0.tgz_1473087461942_0.03036649478599429' },
704 silly install resolved     directories: {},
704 silly install resolved     publish_time: 1473087462196,
704 silly install resolved     _cnpm_publish_time: 1473087462196,
704 silly install resolved     _resolved: 'https://registry.npm.taobao.org/apply.js/download/apply.js-1.0.0.tgz',
704 silly install resolved     readme: 'ERROR: No README data found!' } ]
705 info install apply.js@1.0.0 into D:\tunk\tunk\examples\counter
706 info installOne apply.js@1.0.0
707 verbose installOne of apply.js to D:\tunk\tunk\examples\counter not in flight; installing
708 verbose lock using C:\Users\steven\.cnpm\_locks\apply-js-b4cccde25d6510d5.lock for D:\tunk\tunk\examples\counter\node_modules\apply.js
709 silly install write writing apply.js 1.0.0 to D:\tunk\tunk\examples\counter\node_modules\apply.js
710 verbose unbuild node_modules\apply.js
711 info preuninstall apply.js@1.0.0
712 info uninstall apply.js@1.0.0
713 verbose unbuild rmStuff apply.js@1.0.0 from D:\tunk\tunk\examples\counter\node_modules
714 info postuninstall apply.js@1.0.0
715 silly gentlyRm D:\tunk\tunk\examples\counter\node_modules\apply.js is being purged from base D:\tunk\tunk\examples\counter
716 verbose gentlyRm don't care about contents; nuking D:\tunk\tunk\examples\counter\node_modules\apply.js
717 silly vacuum-fs purging D:\tunk\tunk\examples\counter\node_modules\apply.js
718 silly vacuum-fs quitting because other entries in D:\tunk\tunk\examples\counter\node_modules
719 verbose tar unpack C:\Users\steven\.cnpm\apply.js\1.0.0\package.tgz
720 verbose tar unpacking to D:\tunk\tunk\examples\counter\node_modules\apply.js
721 silly gentlyRm D:\tunk\tunk\examples\counter\node_modules\apply.js is being purged
722 verbose gentlyRm don't care about contents; nuking D:\tunk\tunk\examples\counter\node_modules\apply.js
723 silly gunzTarPerm modes [ '777', '666' ]
724 silly gunzTarPerm extractEntry package.json
725 silly gunzTarPerm extractEntry README.md
726 silly gunzTarPerm extractEntry apply.js
727 verbose write writing to D:\tunk\tunk\examples\counter\node_modules\apply.js\package.json
728 info preinstall apply.js@1.0.0
729 verbose readDependencies loading dependencies from D:\tunk\tunk\examples\counter\node_modules\apply.js\package.json
730 verbose readDependencies loading dependencies from D:\tunk\tunk\examples\counter\node_modules\apply.js\package.json
731 silly install resolved []
732 verbose about to build D:\tunk\tunk\examples\counter\node_modules\apply.js
733 info build D:\tunk\tunk\examples\counter\node_modules\apply.js
734 info linkStuff apply.js@1.0.0
735 silly linkStuff apply.js@1.0.0 has D:\tunk\tunk\examples\counter\node_modules as its parent node_modules
736 verbose linkBins apply.js@1.0.0
737 verbose linkMans apply.js@1.0.0
738 verbose rebuildBundles apply.js@1.0.0
739 info install apply.js@1.0.0
740 info postinstall apply.js@1.0.0
741 verbose unlock done using C:\Users\steven\.cnpm\_locks\apply-js-b4cccde25d6510d5.lock for D:\tunk\tunk\examples\counter\node_modules\apply.js
742 verbose validateInstall loading D:\tunk\tunk\examples\counter\package.json for validation
743 verbose stack Error: The package parse5@1.5.1 does not satisfy its siblings' peerDependencies requirements!
743 verbose stack     at C:\Users\steven\AppData\Roaming\npm\node_modules\cnpm\node_modules\npm\lib\install.js:125:32
743 verbose stack     at C:\Users\steven\AppData\Roaming\npm\node_modules\cnpm\node_modules\npm\lib\install.js:268:7
743 verbose stack     at C:\Users\steven\AppData\Roaming\npm\node_modules\cnpm\node_modules\npm\node_modules\read-installed\read-installed.js:142:5
743 verbose stack     at C:\Users\steven\AppData\Roaming\npm\node_modules\cnpm\node_modules\npm\node_modules\read-installed\read-installed.js:263:14
743 verbose stack     at cb (C:\Users\steven\AppData\Roaming\npm\node_modules\cnpm\node_modules\npm\node_modules\slide\lib\async-map.js:47:24)
743 verbose stack     at C:\Users\steven\AppData\Roaming\npm\node_modules\cnpm\node_modules\npm\node_modules\read-installed\read-installed.js:263:14
743 verbose stack     at cb (C:\Users\steven\AppData\Roaming\npm\node_modules\cnpm\node_modules\npm\node_modules\slide\lib\async-map.js:47:24)
743 verbose stack     at C:\Users\steven\AppData\Roaming\npm\node_modules\cnpm\node_modules\npm\node_modules\read-installed\read-installed.js:263:14
743 verbose stack     at cb (C:\Users\steven\AppData\Roaming\npm\node_modules\cnpm\node_modules\npm\node_modules\slide\lib\async-map.js:47:24)
743 verbose stack     at C:\Users\steven\AppData\Roaming\npm\node_modules\cnpm\node_modules\npm\node_modules\read-installed\read-installed.js:263:14
744 verbose cwd D:\tunk\tunk\examples\counter
745 error Windows_NT 10.0.10586
746 error argv "C:\\Program Files\\nodejs\\node.exe" "C:\\Users\\steven\\AppData\\Roaming\\npm\\node_modules\\cnpm\\node_modules\\npm\\bin\\npm-cli.js" "--userconfig=C:\\Users\\steven\\.cnpmrc" "--disturl=https://npm.taobao.org/mirrors/node" "--cache=C:\\Users\\steven\\.cnpm" "--registry=https://registry.npm.taobao.org" "--node-gyp=C:\\Users\\steven\\AppData\\Roaming\\npm\\node_modules\\cnpm\\node_modules\\node-gyp\\bin\\node-gyp.js" "install" "apply.js"
747 error node v5.2.0
748 error npm  v2.14.14
749 error code EPEERINVALID
750 error peerinvalid The package parse5@1.5.1 does not satisfy its siblings' peerDependencies requirements!
751 verbose exit [ 1, true ]
